  main.cpp
D:\cpp\tic_tac_toe\main.cpp(26,9): warning C4101: 'signs_in_row': unreferenced local variable
D:\cpp\tic_tac_toe\main.cpp(82,31): warning C4244: 'initializing': conversion from 'T' to 'float', possible loss of data
          with
          [
              T=int
          ]
D:\cpp\tic_tac_toe\main.cpp(83,31): warning C4244: 'initializing': conversion from 'T' to 'float', possible loss of data
          with
          [
              T=int
          ]
D:\cpp\tic_tac_toe\main.cpp(90,29): warning C4244: 'initializing': conversion from 'T' to 'int', possible loss of data
          with
          [
              T=float
          ]
D:\cpp\tic_tac_toe\main.cpp(91,29): warning C4244: 'initializing': conversion from 'T' to 'int', possible loss of data
          with
          [
              T=float
          ]
D:\cpp\tic_tac_toe\main.cpp(93,25): warning C4244: 'initializing': conversion from 'T' to 'int', possible loss of data
          with
          [
              T=float
          ]
D:\cpp\tic_tac_toe\main.cpp(94,25): warning C4244: 'initializing': conversion from 'T' to 'int', possible loss of data
          with
          [
              T=float
          ]
D:\cpp\tic_tac_toe\main.cpp(137,46): warning C4244: 'argument': conversion from 'int' to 'float', possible loss of data
D:\cpp\tic_tac_toe\main.cpp(137,43): warning C4244: 'argument': conversion from 'int' to 'float', possible loss of data
D:\cpp\tic_tac_toe\main.cpp(75,19): warning C4101: 'mouse': unreferenced local variable
  tic_tac_toe.vcxproj -> D:\cpp\tic_tac_toe\x64\Debug\tic_tac_toe.exe
